#
# A fatal error has been detected by the Java Runtime Environment:
#
#  EXCEPTION_ACCESS_VIOLATION (0xc0000005) at pc=0x00007fff77122165, pid=11928, tid=23592
#
# JRE version: Java(TM) SE Runtime Environment (12.0.2+10) (build 12.0.2+10)
# Java VM: Java HotSpot(TM) 64-Bit Server VM (12.0.2+10, mixed mode, sharing, tiered, compressed oops, g1 gc, windows-amd64)
# Problematic frame:
# C  [nvoglv64.dll+0x1162165]
#
# No core dump will be written. Minidumps are not enabled by default on client versions of Windows
#
# If you would like to submit a bug report, please visit:
#   http://bugreport.java.com/bugreport/crash.jsp
# The crash happened outside the Java Virtual Machine in native code.
# See problematic frame for where to report the bug.
#

---------------  S U M M A R Y ------------

Command Line: -javaagent:C:\Program Files\JetBrains\IntelliJ IDEA Community Edition 2020.1.1\lib\idea_rt.jar=10639:C:\Program Files\JetBrains\IntelliJ IDEA Community Edition 2020.1.1\bin -Dfile.encoding=UTF-8 com.horizon.kingdom_builder.GameLoader

Host: AMD Ryzen 3 2200G with Radeon Vega Graphics    , 4 cores, 7G,  Windows 10 , 64 bit Build 19041 (10.0.19041.789)
Time: Sat Feb 13 00:05:48 2021 Støední Evropa (bìžný èas) elapsed time: 6 seconds (0d 0h 0m 6s)

---------------  T H R E A D  ---------------

Current thread (0x000001aeecb4a800):  JavaThread "main" [_thread_in_native, id=23592, stack(0x0000007857c00000,0x0000007857d00000)]

Stack: [0x0000007857c00000,0x0000007857d00000],  sp=0x0000007857cff198,  free space=1020k
Native frames: (J=compiled Java code, j=interpreted, Vv=VM code, C=native code)
C  [nvoglv64.dll+0x1162165]

Java frames: (J=compiled Java code, j=interpreted, Vv=VM code)
J 2018  org.lwjgl.opengl.GL11C.nglDrawElements(IIIJ)V (0 bytes) @ 0x000001ae87b8081e [0x000001ae87b807c0+0x000000000000005e]
J 2016 c1 org.lwjgl.opengl.GL11.glDrawElements(IIIJ)V (8 bytes) @ 0x000001ae8096beec [0x000001ae8096be60+0x000000000000008c]
j  com.horizon.engine.component.component.mesh.Mesh.render()V+13
j  com.horizon.engine.graphics.shader.shader.HudShader.render(Lcom/horizon/engine/Window;Lcom/horizon/engine/graphics/object/Camera;Lcom/horizon/engine/graphics/object/scene/Scene;Lcom/horizon/engine/graphics/hud/Canvas;)V+143
j  com.horizon.engine.graphics.render.Renderer.render(Lcom/horizon/engine/Window;Lcom/horizon/engine/graphics/object/Camera;Lcom/horizon/engine/graphics/object/scene/Scene;Lcom/horizon/engine/graphics/hud/Canvas;)V+118
j  com.horizon.kingdom_builder.KingdomBuilder.onRender(Lcom/horizon/engine/Window;)V+27
j  com.horizon.engine.GameEngine.render()V+8
j  com.horizon.engine.GameEngine.gameLoop()V+58
j  com.horizon.engine.GameEngine.run()V+5
j  com.horizon.kingdom_builder.GameLoader.main([Ljava/lang/String;)V+38
v  ~StubRoutines::call_stub

siginfo: EXCEPTION_ACCESS_VIOLATION (0xc0000005), reading address 0x0000000000000000


Register to memory mapping:

RIP=0x00007fff77122165 nvoglv64.dll
RAX=0x000001aefe130dfc points into unknown readable memory: ff ff ff ff
RBX=0x000001aefe130de0 points into unknown readable memory: 06 e0 01 00 04 00 00 00
RCX=0x00007fff77122165 nvoglv64.dll
RDX=0x0 is NULL
RSP=0x0000007857cff198 is pointing into the stack for thread: 0x000001aeecb4a800
RBP=0x000000000000003c is an unknown value
RSI=0x0000000000000004 is an unknown value
RDI=0x000001aeff906080 points into unknown readable memory: 00 00 00 00 00 00 00 00
R8 =0x0000000000000010 is an unknown value
R9 =0x00007fff75fc0000 nvoglv64.dll
R10=0x0 is NULL
R11=0x000001aefe130dfc points into unknown readable memory: ff ff ff ff
R12=0x0000000000000004 is an unknown value
R13=0x0000000000001405 is an unknown value
R14=0x0000000000000010 is an unknown value
R15=0x0 is NULL


Registers:
RAX=0x000001aefe130dfc, RBX=0x000001aefe130de0, RCX=0x00007fff77122165, RDX=0x0000000000000000
RSP=0x0000007857cff198, RBP=0x000000000000003c, RSI=0x0000000000000004, RDI=0x000001aeff906080
R8 =0x0000000000000010, R9 =0x00007fff75fc0000, R10=0x0000000000000000, R11=0x000001aefe130dfc
R12=0x0000000000000004, R13=0x0000000000001405, R14=0x0000000000000010, R15=0x0000000000000000
RIP=0x00007fff77122165, EFLAGS=0x0000000000010206

Top of Stack: (sp=0x0000007857cff198)
0x0000007857cff198:   00007fff767ad17c 000001aeecb4a800
0x0000007857cff1a8:   0000000024a19921 000001aeecb4a800
0x0000007857cff1b8:   0000007857cff230 0000000000000000
0x0000007857cff1c8:   000001ae87b8043e 000001aefe130dcc
0x0000007857cff1d8:   0000000000000000 000000003f48c8ca
0x0000007857cff1e8:   000001ae8000f76d 0000000000000000
0x0000007857cff1f8:   000001aefd0af7a0 000001aeecb4a800
0x0000007857cff208:   0000007857cff338 0000000000000000
0x0000007857cff218:   0000000000000000 000001aecda547c0
0x0000007857cff228:   000001ae87b808be 0000007857cff2a0
0x0000007857cff238:   000001ae8000f700 0000007857cff290
0x0000007857cff248:   0000000000003a30 0000000000001405
0x0000007857cff258:   0000000000000000 0000000000000000
0x0000007857cff268:   00000000877d6ad8 0000007857cff270
0x0000007857cff278:   0000000000000000 0000000087671b60
0x0000007857cff288:   000001ae93d1e0d0 0000000087e98190 

Instructions: (pc=0x00007fff77122165)
0x00007fff77122065:   07 eb 83 48 83 c1 08 48 83 c1 08 48 83 c1 08 48
0x00007fff77122075:   8b 0c 0a 48 0f c8 48 0f c9 48 3b c1 1b c0 83 d8
0x00007fff77122085:   ff c3 cc cc cc cc cc cc cc cc cc cc cc cc cc cc
0x00007fff77122095:   cc 66 66 0f 1f 84 00 00 00 00 00 57 56 49 8b c3
0x00007fff771220a5:   48 8b f9 49 8b c8 49 8b f2 f3 a4 5e 5f c3 cc cc
0x00007fff771220b5:   cc cc cc cc 0f 1f 80 00 00 00 00 4c 8b d9 4c 8b
0x00007fff771220c5:   d2 49 83 f8 10 76 54 49 83 f8 20 76 2e 48 2b d1
0x00007fff771220d5:   73 0d 4b 8d 04 10 48 3b c8 0f 82 dc 02 00 00 49
0x00007fff771220e5:   81 f8 80 00 00 00 0f 86 0f 02 00 00 f6 05 70 32
0x00007fff771220f5:   68 01 02 0f 84 52 01 00 00 eb a0 0f 10 02 42 0f
0x00007fff77122105:   10 4c 02 f0 0f 11 01 42 0f 11 4c 01 f0 48 8b c1
0x00007fff77122115:   c3 66 66 0f 1f 84 00 00 00 00 00 48 8b c1 4c 8d
0x00007fff77122125:   0d d6 de e9 fe 43 8b 8c 81 10 1a 93 02 49 03 c9
0x00007fff77122135:   ff e1 66 0f 1f 84 00 00 00 00 00 c3 0f b7 0a 66
0x00007fff77122145:   89 08 c3 48 8b 0a 48 89 08 c3 0f b7 0a 44 0f b6
0x00007fff77122155:   42 02 66 89 08 44 88 40 02 c3 0f b6 0a 88 08 c3
0x00007fff77122165:   f3 0f 6f 02 f3 0f 7f 00 c3 66 90 4c 8b 02 0f b7
0x00007fff77122175:   4a 08 44 0f b6 4a 0a 4c 89 00 66 89 48 08 44 88
0x00007fff77122185:   48 0a c3 8b 0a 89 08 c3 0f 1f 00 8b 0a 44 0f b6
0x00007fff77122195:   42 04 89 08 44 88 40 04 c3 66 90 8b 0a 44 0f b7
0x00007fff771221a5:   42 04 89 08 66 44 89 40 04 c3 90 8b 0a 44 0f b7
0x00007fff771221b5:   42 04 44 0f b6 4a 06 89 08 66 44 89 40 04 44 88
0x00007fff771221c5:   48 06 c3 4c 8b 02 8b 4a 08 44 0f b6 4a 0c 4c 89
0x00007fff771221d5:   00 89 48 08 44 88 48 0c c3 66 90 4c 8b 02 0f b6
0x00007fff771221e5:   4a 08 4c 89 00 88 48 08 c3 66 90 4c 8b 02 0f b7
0x00007fff771221f5:   4a 08 4c 89 00 66 89 48 08 c3 90 4c 8b 02 8b 4a
0x00007fff77122205:   08 4c 89 00 89 48 08 c3 0f 1f 00 4c 8b 02 8b 4a
0x00007fff77122215:   08 44 0f b7 4a 0c 4c 89 00 89 48 08 66 44 89 48
0x00007fff77122225:   0c c3 66 0f 1f 84 00 00 00 00 00 4c 8b 02 8b 4a
0x00007fff77122235:   08 44 0f b7 4a 0c 44 0f b6 52 0e 4c 89 00 89 48
0x00007fff77122245:   08 66 44 89 48 0c 44 88 50 0e c3 0f 10 04 11 4c
0x00007fff77122255:   03 c1 48 83 c1 10 41 f6 c3 0f 74 13 0f 28 c8 48 


Stack slot to memory mapping:
stack at sp + 0 slots: 0x00007fff767ad17c nvoglv64.dll
stack at sp + 1 slots: 0x000001aeecb4a800 is a thread
stack at sp + 2 slots: 0x0000000024a19921 is an unknown value
stack at sp + 3 slots: 0x000001aeecb4a800 is a thread
stack at sp + 4 slots: 0x0000007857cff230 is pointing into the stack for thread: 0x000001aeecb4a800
stack at sp + 5 slots: 0x0 is NULL
stack at sp + 6 slots: 0x000001ae87b8043e is at entry_point+254 in (nmethod*)0x000001ae87b80190
stack at sp + 7 slots: 0x000001aefe130dcc points into unknown readable memory: b0 61 00 00


---------------  P R O C E S S  ---------------

Threads class SMR info:
_java_thread_list=0x000001aebfbc0250, length=15, elements={
0x000001aeecb4a800, 0x000001aefbfb3800, 0x000001aefbfb4800, 0x000001aefbfd0000,
0x000001aefbfd1000, 0x000001aefbfd4000, 0x000001aefbfd7800, 0x000001aefbfed800,
0x000001aefbf9b000, 0x000001aefcd1e800, 0x000001aefcedd800, 0x000001aefe353800,
0x000001aefebce800, 0x000001aefe4d1800, 0x000001aebfe8e800
}

Java Threads: ( => current thread )
=>0x000001aeecb4a800 JavaThread "main" [_thread_in_native, id=23592, stack(0x0000007857c00000,0x0000007857d00000)]
  0x000001aefbfb3800 JavaThread "Reference Handler" daemon [_thread_blocked, id=14096, stack(0x0000007858300000,0x0000007858400000)]
  0x000001aefbfb4800 JavaThread "Finalizer" daemon [_thread_blocked, id=3216, stack(0x0000007858400000,0x0000007858500000)]
  0x000001aefbfd0000 JavaThread "Signal Dispatcher" daemon [_thread_blocked, id=18888, stack(0x0000007858500000,0x0000007858600000)]
  0x000001aefbfd1000 JavaThread "Attach Listener" daemon [_thread_blocked, id=972, stack(0x0000007858600000,0x0000007858700000)]
  0x000001aefbfd4000 JavaThread "C2 CompilerThread0" daemon [_thread_blocked, id=11916, stack(0x0000007858700000,0x0000007858800000)]
  0x000001aefbfd7800 JavaThread "C1 CompilerThread0" daemon [_thread_blocked, id=21444, stack(0x0000007858800000,0x0000007858900000)]
  0x000001aefbfed800 JavaThread "Sweeper thread" daemon [_thread_blocked, id=21972, stack(0x0000007858900000,0x0000007858a00000)]
  0x000001aefbf9b000 JavaThread "Common-Cleaner" daemon [_thread_blocked, id=17372, stack(0x0000007858a00000,0x0000007858b00000)]
  0x000001aefcd1e800 JavaThread "Monitor Ctrl-Break" daemon [_thread_in_native, id=15756, stack(0x0000007858c00000,0x0000007858d00000)]
  0x000001aefcedd800 JavaThread "Service Thread" daemon [_thread_blocked, id=10148, stack(0x0000007858d00000,0x0000007858e00000)]
  0x000001aefe353800 JavaThread "Java2D Disposer" daemon [_thread_blocked, id=19436, stack(0x0000007859600000,0x0000007859700000)]
  0x000001aefebce800 JavaThread "AWT-Shutdown" [_thread_blocked, id=11524, stack(0x0000007859800000,0x0000007859900000)]
  0x000001aefe4d1800 JavaThread "AWT-Windows" daemon [_thread_in_native, id=23776, stack(0x0000007859900000,0x0000007859a00000)]
  0x000001aebfe8e800 JavaThread "C2 CompilerThread1" daemon [_thread_blocked, id=10012, stack(0x0000007859700000,0x0000007859800000)]

Other Threads:
  0x000001aefbfb0000 VMThread "VM Thread" [stack: 0x0000007858200000,0x0000007858300000] [id=16844]
  0x000001aefcee2000 WatcherThread [stack: 0x0000007858e00000,0x0000007858f00000] [id=24380]
  0x000001aeecb86000 GCTaskThread "GC Thread#0" [stack: 0x0000007857d00000,0x0000007857e00000] [id=23364]
  0x000001aefe215000 GCTaskThread "GC Thread#1" [stack: 0x0000007859400000,0x0000007859500000] [id=16004]
  0x000001aefe218000 GCTaskThread "GC Thread#2" [stack: 0x0000007859500000,0x0000007859600000] [id=24496]
  0x000001aeecb93800 ConcurrentGCThread "G1 Main Marker" [stack: 0x0000007857e00000,0x0000007857f00000] [id=20916]
  0x000001aeecb97000 ConcurrentGCThread "G1 Conc#0" [stack: 0x0000007857f00000,0x0000007858000000] [id=7188]
  0x000001aefbe30800 ConcurrentGCThread "G1 Refine#0" [stack: 0x0000007858000000,0x0000007858100000] [id=15976]
  0x000001aefbe31800 ConcurrentGCThread "G1 Young RemSet Sampling" [stack: 0x0000007858100000,0x0000007858200000] [id=13072]

Threads with active compile tasks:

VM state:not at safepoint (normal execution)

VM Mutex/Monitor currently owned by a thread: None

Heap address: 0x0000000080c00000, size: 2036 MB, Compressed Oops mode: 32-bit
Narrow klass base: 0x0000000800000000, Narrow klass shift: 3
Compressed class space size: 1073741824 Address: 0x0000000801190000

Heap:
 garbage-first heap   total 131072K, used 50962K [0x0000000080c00000, 0x0000000100000000)
  region size 1024K, 51 young (52224K), 2 survivors (2048K)
 Metaspace       used 14485K, capacity 14811K, committed 14976K, reserved 1062912K
  class space    used 1042K, capacity 1135K, committed 1152K, reserved 1048576K
Heap Regions: E=young(eden), S=young(survivor), O=old, HS=humongous(starts), HC=humongous(continues), CS=collection set, F=free, A=archive, TAMS=top-at-mark-start (previous, next)
|   0|0x0000000080c00000, 0x0000000080cc4800, 0x0000000080d00000| 76%| O|  |TAMS 0x0000000080c00000, 0x0000000080c00000| Untracked 
|   1|0x0000000080d00000, 0x0000000080d00000, 0x0000000080e00000|  0%| F|  |TAMS 0x0000000080d00000, 0x0000000080d00000| Untracked 
|   2|0x0000000080e00000, 0x0000000080e00000, 0x0000000080f00000|  0%| F|  |TAMS 0x0000000080e00000, 0x0000000080e00000| Untracked 
|   3|0x0000000080f00000, 0x0000000080f00000, 0x0000000081000000|  0%| F|  |TAMS 0x0000000080f00000, 0x0000000080f00000| Untracked 
|   4|0x0000000081000000, 0x0000000081000000, 0x0000000081100000|  0%| F|  |TAMS 0x0000000081000000, 0x0000000081000000| Untracked 
|   5|0x0000000081100000, 0x0000000081100000, 0x0000000081200000|  0%| F|  |TAMS 0x0000000081100000, 0x0000000081100000| Untracked 
|   6|0x0000000081200000, 0x0000000081200000, 0x0000000081300000|  0%| F|  |TAMS 0x0000000081200000, 0x0000000081200000| Untracked 
|   7|0x0000000081300000, 0x0000000081300000, 0x0000000081400000|  0%| F|  |TAMS 0x0000000081300000, 0x0000000081300000| Untracked 
|   8|0x0000000081400000, 0x0000000081400000, 0x0000000081500000|  0%| F|  |TAMS 0x0000000081400000, 0x0000000081400000| Untracked 
|   9|0x0000000081500000, 0x0000000081500000, 0x0000000081600000|  0%| F|  |TAMS 0x0000000081500000, 0x0000000081500000| Untracked 
|  10|0x0000000081600000, 0x0000000081600000, 0x0000000081700000|  0%| F|  |TAMS 0x0000000081600000, 0x0000000081600000| Untracked 
|  11|0x0000000081700000, 0x0000000081700000, 0x0000000081800000|  0%| F|  |TAMS 0x0000000081700000, 0x0000000081700000| Untracked 
|  12|0x0000000081800000, 0x0000000081800000, 0x0000000081900000|  0%| F|  |TAMS 0x0000000081800000, 0x0000000081800000| Untracked 
|  13|0x0000000081900000, 0x0000000081900000, 0x0000000081a00000|  0%| F|  |TAMS 0x0000000081900000, 0x0000000081900000| Untracked 
|  14|0x0000000081a00000, 0x0000000081a00000, 0x0000000081b00000|  0%| F|  |TAMS 0x0000000081a00000, 0x0000000081a00000| Untracked 
|  15|0x0000000081b00000, 0x0000000081b00000, 0x0000000081c00000|  0%| F|  |TAMS 0x0000000081b00000, 0x0000000081b00000| Untracked 
|  16|0x0000000081c00000, 0x0000000081c00000, 0x0000000081d00000|  0%| F|  |TAMS 0x0000000081c00000, 0x0000000081c00000| Untracked 
|  17|0x0000000081d00000, 0x0000000081d00000, 0x0000000081e00000|  0%| F|  |TAMS 0x0000000081d00000, 0x0000000081d00000| Untracked 
|  18|0x0000000081e00000, 0x0000000081e00000, 0x0000000081f00000|  0%| F|  |TAMS 0x0000000081e00000, 0x0000000081e00000| Untracked 
|  19|0x0000000081f00000, 0x0000000081f00000, 0x0000000082000000|  0%| F|  |TAMS 0x0000000081f00000, 0x0000000081f00000| Untracked 
|  20|0x0000000082000000, 0x0000000082000000, 0x0000000082100000|  0%| F|  |TAMS 0x0000000082000000, 0x0000000082000000| Untracked 
|  21|0x0000000082100000, 0x0000000082100000, 0x0000000082200000|  0%| F|  |TAMS 0x0000000082100000, 0x0000000082100000| Untracked 
|  22|0x0000000082200000, 0x0000000082200000, 0x0000000082300000|  0%| F|  |TAMS 0x0000000082200000, 0x0000000082200000| Untracked 
|  23|0x0000000082300000, 0x0000000082300000, 0x0000000082400000|  0%| F|  |TAMS 0x0000000082300000, 0x0000000082300000| Untracked 
|  24|0x0000000082400000, 0x0000000082400000, 0x0000000082500000|  0%| F|  |TAMS 0x0000000082400000, 0x0000000082400000| Untracked 
|  25|0x0000000082500000, 0x0000000082500000, 0x0000000082600000|  0%| F|  |TAMS 0x0000000082500000, 0x0000000082500000| Untracked 
|  26|0x0000000082600000, 0x0000000082600000, 0x0000000082700000|  0%| F|  |TAMS 0x0000000082600000, 0x0000000082600000| Untracked 
|  27|0x0000000082700000, 0x0000000082700000, 0x0000000082800000|  0%| F|  |TAMS 0x0000000082700000, 0x0000000082700000| Untracked 
|  28|0x0000000082800000, 0x0000000082800000, 0x0000000082900000|  0%| F|  |TAMS 0x0000000082800000, 0x0000000082800000| Untracked 
|  29|0x0000000082900000, 0x0000000082900000, 0x0000000082a00000|  0%| F|  |TAMS 0x0000000082900000, 0x0000000082900000| Untracked 
|  30|0x0000000082a00000, 0x0000000082a00000, 0x0000000082b00000|  0%| F|  |TAMS 0x0000000082a00000, 0x0000000082a00000| Untracked 
|  31|0x0000000082b00000, 0x0000000082b00000, 0x0000000082c00000|  0%| F|  |TAMS 0x0000000082b00000, 0x0000000082b00000| Untracked 
|  32|0x0000000082c00000, 0x0000000082c00000, 0x0000000082d00000|  0%| F|  |TAMS 0x0000000082c00000, 0x0000000082c00000| Untracked 
|  33|0x0000000082d00000, 0x0000000082d00000, 0x0000000082e00000|  0%| F|  |TAMS 0x0000000082d00000, 0x0000000082d00000| Untracked 
|  34|0x0000000082e00000, 0x0000000082e00000, 0x0000000082f00000|  0%| F|  |TAMS 0x0000000082e00000, 0x0000000082e00000| Untracked 
|  35|0x0000000082f00000, 0x0000000082f00000, 0x0000000083000000|  0%| F|  |TAMS 0x0000000082f00000, 0x0000000082f00000| Untracked 
|  36|0x0000000083000000, 0x0000000083000000, 0x0000000083100000|  0%| F|  |TAMS 0x0000000083000000, 0x0000000083000000| Untracked 
|  37|0x0000000083100000, 0x0000000083100000, 0x0000000083200000|  0%| F|  |TAMS 0x0000000083100000, 0x0000000083100000| Untracked 
|  38|0x0000000083200000, 0x0000000083200000, 0x0000000083300000|  0%| F|  |TAMS 0x0000000083200000, 0x0000000083200000| Untracked 
|  39|0x0000000083300000, 0x0000000083300000, 0x0000000083400000|  0%| F|  |TAMS 0x0000000083300000, 0x0000000083300000| Untracked 
|  40|0x0000000083400000, 0x0000000083400000, 0x0000000083500000|  0%| F|  |TAMS 0x0000000083400000, 0x0000000083400000| Untracked 
|  41|0x0000000083500000, 0x0000000083500000, 0x0000000083600000|  0%| F|  |TAMS 0x0000000083500000, 0x0000000083500000| Untracked 
|  42|0x0000000083600000, 0x0000000083600000, 0x0000000083700000|  0%| F|  |TAMS 0x0000000083600000, 0x0000000083600000| Untracked 
|  43|0x0000000083700000, 0x0000000083700000, 0x0000000083800000|  0%| F|  |TAMS 0x0000000083700000, 0x0000000083700000| Untracked 
|  44|0x0000000083800000, 0x0000000083800000, 0x0000000083900000|  0%| F|  |TAMS 0x0000000083800000, 0x0000000083800000| Untracked 
|  45|0x0000000083900000, 0x0000000083900000, 0x0000000083a00000|  0%| F|  |TAMS 0x0000000083900000, 0x0000000083900000| Untracked 
|  46|0x0000000083a00000, 0x0000000083a00000, 0x0000000083b00000|  0%| F|  |TAMS 0x0000000083a00000, 0x0000000083a00000| Untracked 
|  47|0x0000000083b00000, 0x0000000083b00000, 0x0000000083c00000|  0%| F|  |TAMS 0x0000000083b00000, 0x0000000083b00000| Untracked 
|  48|0x0000000083c00000, 0x0000000083c00000, 0x0000000083d00000|  0%| F|  |TAMS 0x0000000083c00000, 0x0000000083c00000| Untracked 
|  49|0x0000000083d00000, 0x0000000083d00000, 0x0000000083e00000|  0%| F|  |TAMS 0x0000000083d00000, 0x0000000083d00000| Untracked 
|  50|0x0000000083e00000, 0x0000000083e00000, 0x0000000083f00000|  0%| F|  |TAMS 0x0000000083e00000, 0x0000000083e00000| Untracked 
|  51|0x0000000083f00000, 0x0000000083f00000, 0x0000000084000000|  0%| F|  |TAMS 0x0000000083f00000, 0x0000000083f00000| Untracked 
|  52|0x0000000084000000, 0x0000000084000000, 0x0000000084100000|  0%| F|  |TAMS 0x0000000084000000, 0x0000000084000000| Untracked 
|  53|0x0000000084100000, 0x0000000084100000, 0x0000000084200000|  0%| F|  |TAMS 0x0000000084100000, 0x0000000084100000| Untracked 
|  54|0x0000000084200000, 0x0000000084200000, 0x0000000084300000|  0%| F|  |TAMS 0x0000000084200000, 0x0000000084200000| Untracked 
|  55|0x0000000084300000, 0x0000000084300000, 0x0000000084400000|  0%| F|  |TAMS 0x0000000084300000, 0x0000000084300000| Untracked 
|  56|0x0000000084400000, 0x0000000084400000, 0x0000000084500000|  0%| F|  |TAMS 0x0000000084400000, 0x0000000084400000| Untracked 
|  57|0x0000000084500000, 0x0000000084500000, 0x0000000084600000|  0%| F|  |TAMS 0x0000000084500000, 0x0000000084500000| Untracked 
|  58|0x0000000084600000, 0x0000000084600000, 0x0000000084700000|  0%| F|  |TAMS 0x0000000084600000, 0x0000000084600000| Untracked 
|  59|0x0000000084700000, 0x0000000084700000, 0x0000000084800000|  0%| F|  |TAMS 0x0000000084700000, 0x0000000084700000| Untracked 
|  60|0x0000000084800000, 0x0000000084800000, 0x0000000084900000|  0%| F|  |TAMS 0x0000000084800000, 0x0000000084800000| Untracked 
|  61|0x0000000084900000, 0x0000000084900000, 0x0000000084a00000|  0%| F|  |TAMS 0x0000000084900000, 0x0000000084900000| Untracked 
|  62|0x0000000084a00000, 0x0000000084a00000, 0x0000000084b00000|  0%| F|  |TAMS 0x0000000084a00000, 0x0000000084a00000| Untracked 
|  63|0x0000000084b00000, 0x0000000084b00000, 0x0000000084c00000|  0%| F|  |TAMS 0x0000000084b00000, 0x0000000084b00000| Untracked 
|  64|0x0000000084c00000, 0x0000000084c00000, 0x0000000084d00000|  0%| F|  |TAMS 0x0000000084c00000, 0x0000000084c00000| Untracked 
|  65|0x0000000084d00000, 0x0000000084d00000, 0x0000000084e00000|  0%| F|  |TAMS 0x0000000084d00000, 0x0000000084d00000| Untracked 
|  66|0x0000000084e00000, 0x0000000084e00000, 0x0000000084f00000|  0%| F|  |TAMS 0x0000000084e00000, 0x0000000084e00000| Untracked 
|  67|0x0000000084f00000, 0x0000000084f00000, 0x0000000085000000|  0%| F|  |TAMS 0x0000000084f00000, 0x0000000084f00000| Untracked 
|  68|0x0000000085000000, 0x0000000085000000, 0x0000000085100000|  0%| F|  |TAMS 0x0000000085000000, 0x0000000085000000| Untracked 
|  69|0x0000000085100000, 0x0000000085100000, 0x0000000085200000|  0%| F|  |TAMS 0x0000000085100000, 0x0000000085100000| Untracked 
|  70|0x0000000085200000, 0x0000000085200000, 0x0000000085300000|  0%| F|  |TAMS 0x0000000085200000, 0x0000000085200000| Untracked 
|  71|0x0000000085300000, 0x0000000085300000, 0x0000000085400000|  0%| F|  |TAMS 0x0000000085300000, 0x0000000085300000| Untracked 
|  72|0x0000000085400000, 0x0000000085400000, 0x0000000085500000|  0%| F|  |TAMS 0x0000000085400000, 0x0000000085400000| Untracked 
|  73|0x0000000085500000, 0x0000000085500000, 0x0000000085600000|  0%| F|  |TAMS 0x0000000085500000, 0x0000000085500000| Untracked 
|  74|0x0000000085600000, 0x0000000085600000, 0x0000000085700000|  0%| F|  |TAMS 0x0000000085600000, 0x0000000085600000| Untracked 
|  75|0x0000000085700000, 0x0000000085700000, 0x0000000085800000|  0%| F|  |TAMS 0x0000000085700000, 0x0000000085700000| Untracked 
|  76|0x0000000085800000, 0x0000000085800000, 0x0000000085900000|  0%| F|  |TAMS 0x0000000085800000, 0x0000000085800000| Untracked 
|  77|0x0000000085900000, 0x0000000085980800, 0x0000000085a00000| 50%| E|  |TAMS 0x0000000085900000, 0x0000000085900000| Complete 
|  78|0x0000000085a00000, 0x0000000085b00000, 0x0000000085b00000|100%| E|CS|TAMS 0x0000000085a00000, 0x0000000085a00000| Complete 
|  79|0x0000000085b00000, 0x0000000085c00000, 0x0000000085c00000|100%| E|CS|TAMS 0x0000000085b00000, 0x0000000085b00000| Complete 
|  80|0x0000000085c00000, 0x0000000085d00000, 0x0000000085d00000|100%| E|CS|TAMS 0x0000000085c00000, 0x0000000085c00000| Complete 
|  81|0x0000000085d00000, 0x0000000085e00000, 0x0000000085e00000|100%| E|CS|TAMS 0x0000000085d00000, 0x0000000085d00000| Complete 
|  82|0x0000000085e00000, 0x0000000085f00000, 0x0000000085f00000|100%| E|CS|TAMS 0x0000000085e00000, 0x0000000085e00000| Complete 
|  83|0x0000000085f00000, 0x0000000086000000, 0x0000000086000000|100%| E|CS|TAMS 0x0000000085f00000, 0x0000000085f00000| Complete 
|  84|0x0000000086000000, 0x0000000086100000, 0x0000000086100000|100%| E|  |TAMS 0x0000000086000000, 0x0000000086000000| Complete 
|  85|0x0000000086100000, 0x0000000086200000, 0x0000000086200000|100%| E|CS|TAMS 0x0000000086100000, 0x0000000086100000| Complete 
|  86|0x0000000086200000, 0x0000000086300000, 0x0000000086300000|100%| E|CS|TAMS 0x0000000086200000, 0x0000000086200000| Complete 
|  87|0x0000000086300000, 0x0000000086400000, 0x0000000086400000|100%| E|CS|TAMS 0x0000000086300000, 0x0000000086300000| Complete 
|  88|0x0000000086400000, 0x0000000086500000, 0x0000000086500000|100%| E|CS|TAMS 0x0000000086400000, 0x0000000086400000| Complete 
|  89|0x0000000086500000, 0x0000000086600000, 0x0000000086600000|100%| E|CS|TAMS 0x0000000086500000, 0x0000000086500000| Complete 
|  90|0x0000000086600000, 0x0000000086700000, 0x0000000086700000|100%| E|CS|TAMS 0x0000000086600000, 0x0000000086600000| Complete 
|  91|0x0000000086700000, 0x0000000086800000, 0x0000000086800000|100%| E|CS|TAMS 0x0000000086700000, 0x0000000086700000| Complete 
|  92|0x0000000086800000, 0x0000000086900000, 0x0000000086900000|100%| E|CS|TAMS 0x0000000086800000, 0x0000000086800000| Complete 
|  93|0x0000000086900000, 0x0000000086a00000, 0x0000000086a00000|100%| E|CS|TAMS 0x0000000086900000, 0x0000000086900000| Complete 
|  94|0x0000000086a00000, 0x0000000086b00000, 0x0000000086b00000|100%| E|CS|TAMS 0x0000000086a00000, 0x0000000086a00000| Complete 
|  95|0x0000000086b00000, 0x0000000086c00000, 0x0000000086c00000|100%| E|CS|TAMS 0x0000000086b00000, 0x0000000086b00000| Complete 
|  96|0x0000000086c00000, 0x0000000086d00000, 0x0000000086d00000|100%| E|CS|TAMS 0x0000000086c00000, 0x0000000086c00000| Complete 
|  97|0x0000000086d00000, 0x0000000086e00000, 0x0000000086e00000|100%| E|CS|TAMS 0x0000000086d00000, 0x0000000086d00000| Complete 
|  98|0x0000000086e00000, 0x0000000086f00000, 0x0000000086f00000|100%| E|CS|TAMS 0x0000000086e00000, 0x0000000086e00000| Complete 
|  99|0x0000000086f00000, 0x0000000087000000, 0x0000000087000000|100%| E|CS|TAMS 0x0000000086f00000, 0x0000000086f00000| Complete 
| 100|0x0000000087000000, 0x0000000087100000, 0x0000000087100000|100%| E|CS|TAMS 0x0000000087000000, 0x0000000087000000| Complete 
| 101|0x0000000087100000, 0x0000000087200000, 0x0000000087200000|100%| E|CS|TAMS 0x0000000087100000, 0x0000000087100000| Complete 
| 102|0x0000000087200000, 0x0000000087300000, 0x0000000087300000|100%| E|CS|TAMS 0x0000000087200000, 0x0000000087200000| Complete 
| 103|0x0000000087300000, 0x0000000087400000, 0x0000000087400000|100%| E|CS|TAMS 0x0000000087300000, 0x0000000087300000| Complete 
| 104|0x0000000087400000, 0x0000000087500000, 0x0000000087500000|100%| E|CS|TAMS 0x0000000087400000, 0x0000000087400000| Complete 
| 105|0x0000000087500000, 0x0000000087600000, 0x0000000087600000|100%| E|CS|TAMS 0x0000000087500000, 0x0000000087500000| Complete 
| 106|0x0000000087600000, 0x0000000087700000, 0x0000000087700000|100%| E|CS|TAMS 0x0000000087600000, 0x0000000087600000| Complete 
| 107|0x0000000087700000, 0x0000000087800000, 0x0000000087800000|100%| E|CS|TAMS 0x0000000087700000, 0x0000000087700000| Complete 
| 108|0x0000000087800000, 0x0000000087900000, 0x0000000087900000|100%| E|CS|TAMS 0x0000000087800000, 0x0000000087800000| Complete 
| 109|0x0000000087900000, 0x0000000087a00000, 0x0000000087a00000|100%| E|CS|TAMS 0x0000000087900000, 0x0000000087900000| Complete 
| 110|0x0000000087a00000, 0x0000000087b00000, 0x0000000087b00000|100%| E|CS|TAMS 0x0000000087a00000, 0x0000000087a00000| Complete 
| 111|0x0000000087b00000, 0x0000000087c00000, 0x0000000087c00000|100%| E|CS|TAMS 0x0000000087b00000, 0x0000000087b00000| Complete 
| 112|0x0000000087c00000, 0x0000000087d00000, 0x0000000087d00000|100%| S|CS|TAMS 0x0000000087c00000, 0x0000000087c00000| Complete 
| 113|0x0000000087d00000, 0x0000000087e00000, 0x0000000087e00000|100%| S|CS|TAMS 0x0000000087d00000, 0x0000000087d00000| Complete 
| 114|0x0000000087e00000, 0x0000000087f00000, 0x0000000087f00000|100%| E|CS|TAMS 0x0000000087e00000, 0x0000000087e00000| Complete 
| 115|0x0000000087f00000, 0x0000000088000000, 0x0000000088000000|100%| E|CS|TAMS 0x0000000087f00000, 0x0000000087f00000| Complete 
| 116|0x0000000088000000, 0x0000000088100000, 0x0000000088100000|100%| E|CS|TAMS 0x0000000088000000, 0x0000000088000000| Complete 
| 117|0x0000000088100000, 0x0000000088200000, 0x0000000088200000|100%| E|CS|TAMS 0x0000000088100000, 0x0000000088100000| Complete 
| 118|0x0000000088200000, 0x0000000088300000, 0x0000000088300000|100%| E|CS|TAMS 0x0000000088200000, 0x0000000088200000| Complete 
| 119|0x0000000088300000, 0x0000000088400000, 0x0000000088400000|100%| E|CS|TAMS 0x0000000088300000, 0x0000000088300000| Complete 
| 120|0x0000000088400000, 0x0000000088500000, 0x0000000088500000|100%| E|CS|TAMS 0x0000000088400000, 0x0000000088400000| Complete 
| 121|0x0000000088500000, 0x0000000088600000, 0x0000000088600000|100%| E|CS|TAMS 0x0000000088500000, 0x0000000088500000| Complete 
| 122|0x0000000088600000, 0x0000000088700000, 0x0000000088700000|100%| E|CS|TAMS 0x0000000088600000, 0x0000000088600000| Complete 
| 123|0x0000000088700000, 0x0000000088800000, 0x0000000088800000|100%| E|CS|TAMS 0x0000000088700000, 0x0000000088700000| Complete 
| 124|0x0000000088800000, 0x0000000088900000, 0x0000000088900000|100%| E|CS|TAMS 0x0000000088800000, 0x0000000088800000| Complete 
| 125|0x0000000088900000, 0x0000000088a00000, 0x0000000088a00000|100%| E|CS|TAMS 0x0000000088900000, 0x0000000088900000| Complete 
| 126|0x0000000088a00000, 0x0000000088b00000, 0x0000000088b00000|100%| E|CS|TAMS 0x0000000088a00000, 0x0000000088a00000| Complete 
| 127|0x0000000088b00000, 0x0000000088c00000, 0x0000000088c00000|100%| E|CS|TAMS 0x0000000088b00000, 0x0000000088b00000| Complete 

Card table byte_map: [0x000001aef5350000,0x000001aef5750000] _byte_map_base: 0x000001aef4f4a000

Marking Bits (Prev, Next): (CMBitMap*) 0x000001aeeaa7e7a8, (CMBitMap*) 0x000001aeeaa7e7e8
 Prev Bits: [0x000001aef5b50000, 0x000001aef7b20000)
 Next Bits: [0x000001aef7b20000, 0x000001aef9af0000)

Polling page: 0x000001aeea960000

Metaspace:

Usage:
  Non-class:     13.36 MB capacity,    13.13 MB ( 98%) used,   202.09 KB (  1%) free+waste,    30.50 KB ( <1%) overhead. 
      Class:      1.11 MB capacity,     1.02 MB ( 92%) used,    79.05 KB (  7%) free+waste,    13.44 KB (  1%) overhead. 
       Both:     14.46 MB capacity,    14.15 MB ( 98%) used,   281.13 KB (  2%) free+waste,    43.94 KB ( <1%) overhead. 

Virtual space:
  Non-class space:       14.00 MB reserved,      13.50 MB ( 96%) committed 
      Class space:        1.00 GB reserved,       1.13 MB ( <1%) committed 
             Both:        1.01 GB reserved,      14.63 MB (  1%) committed 

Chunk freelists:
   Non-Class:  2.50 KB
       Class:  2.13 KB
        Both:  4.63 KB

CodeHeap 'non-profiled nmethods': size=120064Kb used=773Kb max_used=773Kb free=119290Kb
 bounds [0x000001ae87ac0000, 0x000001ae87d30000, 0x000001ae8f000000]
CodeHeap 'profiled nmethods': size=120000Kb used=3959Kb max_used=3959Kb free=116040Kb
 bounds [0x000001ae80590000, 0x000001ae80970000, 0x000001ae87ac0000]
CodeHeap 'non-nmethods': size=5696Kb used=1663Kb max_used=1686Kb free=4032Kb
 bounds [0x000001ae80000000, 0x000001ae80270000, 0x000001ae80590000]
 total_blobs=3757 nmethods=2023 adapters=1165
 compilation: enabled
              stopped_count=0, restarted_count=0
 full_count=0

Compilation events (10 events):
Event: 6.071 Thread 0x000001aefbfd7800 2020       3       java.util.concurrent.TimeUnit::toMillis (69 bytes)
Event: 6.071 Thread 0x000001aefbfd7800 nmethod 2020 0x000001ae8096ca10 code [0x000001ae8096cbe0, 0x000001ae8096cf18]
Event: 6.071 Thread 0x000001aefbfd7800 2021       3       java.util.Formatter$FormatSpecifier::appendJustified (91 bytes)
Event: 6.072 Thread 0x000001aefbfd7800 nmethod 2021 0x000001ae8096d010 code [0x000001ae8096d240, 0x000001ae8096dab0]
Event: 6.073 Thread 0x000001aebfe8e800 2022       4       org.joml.MemUtil$MemUtilUnsafe::put (43 bytes)
Event: 6.073 Thread 0x000001aefbfd4000 2023       4       java.lang.String::hashCode (49 bytes)
Event: 6.075 Thread 0x000001aebfe8e800 nmethod 2022 0x000001ae87b80a90 code [0x000001ae87b80c20, 0x000001ae87b80cb8]
Event: 6.075 Thread 0x000001aebfe8e800 2024       4       org.lwjgl.system.MemoryStack::push (38 bytes)
Event: 6.076 Thread 0x000001aebfe8e800 nmethod 2024 0x000001ae87b80d90 code [0x000001ae87b80f20, 0x000001ae87b80ff8]
Event: 6.077 Thread 0x000001aefbfd4000 nmethod 2023 0x000001ae87b81110 code [0x000001ae87b812c0, 0x000001ae87b81508]

GC Heap History (2 events):
Event: 1.360 GC heap before
{Heap before GC invocations=0 (full 0):
 garbage-first heap   total 131072K, used 13312K [0x0000000080c00000, 0x0000000100000000)
  region size 1024K, 14 young (14336K), 0 survivors (0K)
 Metaspace       used 3682K, capacity 6338K, committed 6528K, reserved 1056768K
  class space    used 286K, capacity 562K, committed 640K, reserved 1048576K
}
Event: 1.409 GC heap after
{Heap after GC invocations=1 (full 0):
 garbage-first heap   total 131072K, used 2834K [0x0000000080c00000, 0x0000000100000000)
  region size 1024K, 2 young (2048K), 2 survivors (2048K)
 Metaspace       used 3682K, capacity 6338K, committed 6528K, reserved 1056768K
  class space    used 286K, capacity 562K, committed 640K, reserved 1048576K
}

Deoptimization events (10 events):
Event: 2.582 Thread 0x000001aeecb4a800 Uncommon trap: reason=class_check action=maybe_recompile pc=0x000001ae87ae0050 method=java.util.HashMap.getNode(ILjava/lang/Object;)Ljava/util/HashMap$Node; @ 126 c2
Event: 2.582 Thread 0x000001aeecb4a800 Uncommon trap: reason=class_check action=maybe_recompile pc=0x000001ae87adff98 method=java.util.HashMap.getNode(ILjava/lang/Object;)Ljava/util/HashMap$Node; @ 59 c2
Event: 2.589 Thread 0x000001aeecb4a800 Uncommon trap: reason=unstable_if action=reinterpret pc=0x000001ae87b1cd0c method=java.util.concurrent.ConcurrentHashMap.get(Ljava/lang/Object;)Ljava/lang/Object; @ 76 c2
Event: 2.606 Thread 0x000001aeecb4a800 Uncommon trap: reason=unstable_if action=reinterpret pc=0x000001ae87b15a54 method=java.io.BufferedReader.readLine(Z)Ljava/lang/String; @ 192 c2
Event: 5.503 Thread 0x000001aeecb4a800 Uncommon trap: reason=unstable_if action=reinterpret pc=0x000001ae87ad3e64 method=java.lang.CharacterData.of(I)Ljava/lang/CharacterData; @ 4 c2
Event: 5.505 Thread 0x000001aeecb4a800 Uncommon trap: reason=unstable_if action=reinterpret pc=0x000001ae87ac7fb4 method=java.lang.String.isLatin1()Z @ 10 c2
Event: 5.516 Thread 0x000001aeecb4a800 Uncommon trap: reason=unstable_if action=reinterpret pc=0x000001ae87ac9ed8 method=java.lang.String.equals(Ljava/lang/Object;)Z @ 27 c2
Event: 5.615 Thread 0x000001aeecb4a800 Uncommon trap: reason=unstable_if action=reinterpret pc=0x000001ae87b24adc method=java.util.HashMap.putVal(ILjava/lang/Object;Ljava/lang/Object;ZZ)Ljava/lang/Object; @ 81 c2
Event: 5.633 Thread 0x000001aeecb4a800 Uncommon trap: reason=unstable_if action=reinterpret pc=0x000001ae87b52c84 method=sun.nio.cs.ISO_8859_1$Encoder.canEncode(C)Z @ 4 c2
Event: 6.071 Thread 0x000001aeecb4a800 Uncommon trap: reason=intrinsic_or_type_checked_inlining action=make_not_entrant pc=0x000001ae87b6daac method=java.util.Arrays.copyOf([Ljava/lang/Object;ILjava/lang/Class;)[Ljava/lang/Object; @ 35 c2

Classes redefined (0 events):
No events

Internal exceptions (10 events):
Event: 2.041 Thread 0x000001aeecb4a800 Exception <a 'java/lang/ClassNotFoundException'{0x0000000087913160}: sun/util/logging/resources/spi/loggingProvider> (0x0000000087913160) thrown at [t:/workspace/open/src/hotspot/share/classfile/systemDictionary.cpp, line 235]
Event: 2.048 Thread 0x000001aeecb4a800 Exception <a 'java/lang/ClassNotFoundException'{0x000000008792c910}: sun/awt/resources/spi/awtProvider> (0x000000008792c910) thrown at [t:/workspace/open/src/hotspot/share/classfile/systemDictionary.cpp, line 235]
Event: 2.057 Thread 0x000001aeecb4a800 Exception <a 'java/io/FileNotFoundException'{0x00000000879492f8}> (0x00000000879492f8) thrown at [t:/workspace/open/src/hotspot/share/prims/jni.cpp, line 615]
Event: 2.068 Thread 0x000001aeecb4a800 Exception <a 'java/io/FileNotFoundException'{0x0000000087835c00}> (0x0000000087835c00) thrown at [t:/workspace/open/src/hotspot/share/prims/jni.cpp, line 615]
Event: 2.098 Thread 0x000001aeecb4a800 Exception <a 'java/lang/NoSuchMethodError'{0x0000000087867ae0}: java.lang.invoke.DirectMethodHandle$Holder.invokeStaticInit(Ljava/lang/Object;IIII)Ljava/lang/Object;> (0x0000000087867ae0) thrown at [t:/workspace/open/src/hotspot/share/interpreter/linkReso
Event: 2.439 Thread 0x000001aeecb4a800 Exception <a 'java/lang/NoSuchMethodError'{0x00000000878b5eb8}: java.lang.invoke.DirectMethodHandle$Holder.invokeStaticInit(Ljava/lang/Object;Ljava/lang/Object;IIII)Ljava/lang/Object;> (0x00000000878b5eb8) thrown at [t:/workspace/open/src/hotspot/share/in
Event: 2.655 Thread 0x000001aeecb4a800 Exception <a 'sun/nio/fs/WindowsException'{0x00000000873e22f0}> (0x00000000873e22f0) thrown at [t:/workspace/open/src/hotspot/share/prims/jni.cpp, line 615]
Event: 2.655 Thread 0x000001aeecb4a800 Exception <a 'sun/nio/fs/WindowsException'{0x00000000873e2678}> (0x00000000873e2678) thrown at [t:/workspace/open/src/hotspot/share/prims/jni.cpp, line 615]
Event: 5.241 Thread 0x000001aefe4d1800 Exception <a 'java/lang/NoSuchMethodError'{0x0000000086a04e48}: java.lang.invoke.DirectMethodHandle$Holder.invokeSpecial(Ljava/lang/Object;Ljava/lang/Object;)V> (0x0000000086a04e48) thrown at [t:/workspace/open/src/hotspot/share/interpreter/linkResolver.c
Event: 5.244 Thread 0x000001aeecb4a800 Exception <a 'java/lang/NoSuchMethodError'{0x0000000086bd8f48}: java.lang.invoke.DirectMethodHandle$Holder.invokeStatic(Ljava/lang/Object;Ljava/lang/Object;Ljava/lang/Object;Ljava/lang/Object;Ljava/lang/Object;Ljava/lang/Object;Ljava/lang/Object;J)Ljava/l

Events (10 events):
Event: 6.025 loading class com/horizon/engine/graphics/data/Transformation done
Event: 6.026 loading class com/horizon/engine/graphics/object/GameObject
Event: 6.026 loading class com/horizon/engine/graphics/object/GameObject done
Event: 6.026 loading class com/horizon/engine/graphics/data/Transformation
Event: 6.026 loading class com/horizon/engine/graphics/data/Transformation done
Event: 6.071 loading class java/lang/StackTraceElement$HashedModules
Event: 6.071 loading class java/lang/StackTraceElement$HashedModules done
Event: 6.071 Thread 0x000001aeecb4a800 Uncommon trap: trap_request=0xffffffcc fr.pc=0x000001ae87b6daac relative=0x00000000000001ec
Event: 6.071 Thread 0x000001aeecb4a800 DEOPT PACKING pc=0x000001ae87b6daac sp=0x0000007857cfe560
Event: 6.071 Thread 0x000001aeecb4a800 DEOPT UNPACKING pc=0x000001ae80029baf sp=0x0000007857cfe508 mode 2


Dynamic libraries:
0x00007ff673010000 - 0x00007ff67301f000 	C:\Program Files\Java\jdk-12.0.2\bin\java.exe
0x00007ff80d1b0000 - 0x00007ff80d3a6000 	C:\WINDOWS\SYSTEM32\ntdll.dll
0x00007ffff9030000 - 0x00007ffff9042000 	C:\Program Files\AVAST Software\Avast\aswhook.dll
0x00007ff80c010000 - 0x00007ff80c0cd000 	C:\WINDOWS\System32\KERNEL32.DLL
0x00007ff80af40000 - 0x00007ff80b209000 	C:\WINDOWS\System32\KERNELBASE.dll
0x00007ff80ab10000 - 0x00007ff80ac10000 	C:\WINDOWS\System32\ucrtbase.dll
0x00007ff807c50000 - 0x00007ff807c68000 	C:\Program Files\Java\jdk-12.0.2\bin\jli.dll
0x00007ff80cbe0000 - 0x00007ff80cc8c000 	C:\WINDOWS\System32\ADVAPI32.dll
0x00007ff80c200000 - 0x00007ff80c29e000 	C:\WINDOWS\System32\msvcrt.dll
0x00007ff80cd00000 - 0x00007ff80cd9c000 	C:\WINDOWS\System32\sechost.dll
0x00007ff80c0d0000 - 0x00007ff80c1fb000 	C:\WINDOWS\System32\RPCRT4.dll
0x00007ff80bb90000 - 0x00007ff80bd30000 	C:\WINDOWS\System32\USER32.dll
0x00007ff80ad70000 - 0x00007ff80ad92000 	C:\WINDOWS\System32\win32u.dll
0x00007ff80bf70000 - 0x00007ff80bf9a000 	C:\WINDOWS\System32\GDI32.dll
0x00007ff80a8f0000 - 0x00007ff80a9fb000 	C:\WINDOWS\System32\gdi32full.dll
0x00007ff80add0000 - 0x00007ff80ae6d000 	C:\WINDOWS\System32\msvcp_win.dll
0x00007ff801880000 - 0x00007ff801896000 	C:\Program Files\Java\jdk-12.0.2\bin\VCRUNTIME140.dll
0x00007ffffa6d0000 - 0x00007ffffa96b000 	C:\WINDOWS\WinSxS\amd64_microsoft.windows.common-controls_6595b64144ccf1df_6.0.19041.746_none_ca02b4b61b8320a4\COMCTL32.dll
0x00007ff804610000 - 0x00007ff80461a000 	C:\WINDOWS\SYSTEM32\VERSION.dll
0x00007ff80c2a0000 - 0x00007ff80c2d0000 	C:\WINDOWS\System32\IMM32.DLL
0x00007ffffb260000 - 0x00007ffffb30a000 	C:\Program Files\Java\jdk-12.0.2\bin\msvcp140.dll
0x00007fff92a40000 - 0x00007fff935b7000 	C:\Program Files\Java\jdk-12.0.2\bin\server\jvm.dll
0x00007ff80cc90000 - 0x00007ff80cc98000 	C:\WINDOWS\System32\PSAPI.DLL
0x00007ffff5eb0000 - 0x00007ffff5eb9000 	C:\WINDOWS\SYSTEM32\WSOCK32.dll
0x00007ff80cda0000 - 0x00007ff80ce0b000 	C:\WINDOWS\System32\WS2_32.dll
0x00007ff801460000 - 0x00007ff801487000 	C:\WINDOWS\SYSTEM32\WINMM.dll
0x00007ff808860000 - 0x00007ff808872000 	C:\WINDOWS\SYSTEM32\kernel.appcore.dll
0x00007ff801770000 - 0x00007ff801781000 	C:\Program Files\Java\jdk-12.0.2\bin\verify.dll
0x00007ffff9790000 - 0x00007ffff9974000 	C:\WINDOWS\SYSTEM32\DBGHELP.DLL
0x00007ffff9990000 - 0x00007ffff99bc000 	C:\WINDOWS\SYSTEM32\dbgcore.DLL
0x00007ff80aec0000 - 0x00007ff80af40000 	C:\WINDOWS\System32\bcryptPrimitives.dll
0x00007ff801740000 - 0x00007ff801766000 	C:\Program Files\Java\jdk-12.0.2\bin\java.dll
0x00007ff807c30000 - 0x00007ff807c3e000 	C:\Program Files\Java\jdk-12.0.2\bin\instrument.dll
0x00007ff8016c0000 - 0x00007ff8016d7000 	C:\Program Files\Java\jdk-12.0.2\bin\zip.dll
0x00007ff807cd0000 - 0x00007ff807cda000 	C:\Program Files\Java\jdk-12.0.2\bin\jimage.dll
0x00007ff80c2d0000 - 0x00007ff80ca12000 	C:\WINDOWS\System32\SHELL32.dll
0x00007ff808a60000 - 0x00007ff8091f0000 	C:\WINDOWS\SYSTEM32\windows.storage.dll
0x00007ff80ce10000 - 0x00007ff80d166000 	C:\WINDOWS\System32\combase.dll
0x00007ff80a350000 - 0x00007ff80a37c000 	C:\WINDOWS\SYSTEM32\Wldp.dll
0x00007ff80bd90000 - 0x00007ff80be3e000 	C:\WINDOWS\System32\SHCORE.dll
0x00007ff80cb80000 - 0x00007ff80cbd5000 	C:\WINDOWS\System32\shlwapi.dll
0x00007ff80a820000 - 0x00007ff80a846000 	C:\WINDOWS\SYSTEM32\profapi.dll
0x00007ff8016a0000 - 0x00007ff8016b9000 	C:\Program Files\Java\jdk-12.0.2\bin\net.dll
0x00007ff805a00000 - 0x00007ff805b00000 	C:\WINDOWS\SYSTEM32\WINHTTP.dll
0x00007ffff95a0000 - 0x00007ffff978e000 	C:\WINDOWS\SYSTEM32\urlmon.dll
0x00007ffff72a0000 - 0x00007ffff7550000 	C:\WINDOWS\SYSTEM32\iertutil.dll
0x00007ff80a0d0000 - 0x00007ff80a13a000 	C:\WINDOWS\system32\mswsock.dll
0x00007ff801680000 - 0x00007ff801693000 	C:\Program Files\Java\jdk-12.0.2\bin\nio.dll
0x00007ff8015a0000 - 0x00007ff8015ba000 	C:\Program Files\JetBrains\IntelliJ IDEA Community Edition 2020.1.1\bin\breakgen64.dll
0x00007fffe2ad0000 - 0x00007fffe2b34000 	C:\Users\danfi\AppData\Local\Temp\lwjgldanfi\3.2.3-build-13\lwjgl.dll
0x00007fffc4ab0000 - 0x00007fffc4d03000 	C:\Users\danfi\AppData\Local\Temp\lwjgldanfi\3.2.3-build-13\jemalloc.dll
0x00007fffe2a60000 - 0x00007fffe2ac2000 	C:\Users\danfi\AppData\Local\Temp\lwjgldanfi\3.2.3-build-13\glfw.dll
0x00007ff8083a0000 - 0x00007ff80843e000 	C:\WINDOWS\system32\uxtheme.dll
0x00007ffffb4f0000 - 0x00007ffffb535000 	C:\WINDOWS\SYSTEM32\dinput8.dll
0x00007fffd4b40000 - 0x00007fffd4b51000 	C:\WINDOWS\SYSTEM32\xinput1_4.dll
0x00007ff80ae70000 - 0x00007ff80aebe000 	C:\WINDOWS\System32\cfgmgr32.dll
0x00007ff80a690000 - 0x00007ff80a6bc000 	C:\WINDOWS\SYSTEM32\DEVOBJ.dll
0x00007ff808570000 - 0x00007ff80859f000 	C:\WINDOWS\SYSTEM32\dwmapi.dll
0x00007ff80ba60000 - 0x00007ff80bb75000 	C:\WINDOWS\System32\MSCTF.dll
0x00007ff80b990000 - 0x00007ff80ba5d000 	C:\WINDOWS\System32\OLEAUT32.dll
0x00007ffff8680000 - 0x00007ffff87d2000 	C:\WINDOWS\SYSTEM32\inputhost.dll
0x00007ff807d10000 - 0x00007ff807e02000 	C:\WINDOWS\SYSTEM32\CoreMessaging.dll
0x00007ff806540000 - 0x00007ff806637000 	C:\WINDOWS\SYSTEM32\PROPSYS.dll
0x00007ff8074d0000 - 0x00007ff807624000 	C:\WINDOWS\SYSTEM32\wintypes.dll
0x00007ff807e10000 - 0x00007ff80816e000 	C:\WINDOWS\SYSTEM32\CoreUIComponents.dll
0x00007ff809630000 - 0x00007ff809663000 	C:\WINDOWS\SYSTEM32\ntmarta.dll
0x00007ff8091f0000 - 0x00007ff8091fd000 	C:\WINDOWS\SYSTEM32\HID.DLL
0x00007ff80b210000 - 0x00007ff80b677000 	C:\WINDOWS\System32\SETUPAPI.DLL
0x00007ff80ada0000 - 0x00007ff80adc7000 	C:\WINDOWS\System32\bcrypt.dll
0x00007ff80aa00000 - 0x00007ff80aa60000 	C:\WINDOWS\System32\WINTRUST.dll
0x00007ff80ac10000 - 0x00007ff80ad66000 	C:\WINDOWS\System32\CRYPT32.dll
0x00007ff80a4d0000 - 0x00007ff80a4e2000 	C:\WINDOWS\SYSTEM32\MSASN1.dll
0x00007fffb2610000 - 0x00007fffb2735000 	C:\WINDOWS\SYSTEM32\opengl32.dll
0x00007ff800c70000 - 0x00007ff800c9c000 	C:\WINDOWS\SYSTEM32\GLU32.dll
0x00007ff80ca20000 - 0x00007ff80cac9000 	C:\WINDOWS\System32\clbcatq.dll
0x00007fff75fc0000 - 0x00007fff78948000 	C:\WINDOWS\System32\DriverStore\FileRepository\nv_dispi.inf_amd64_e44a509137af5639\nvoglv64.dll
0x00007ff80be40000 - 0x00007ff80bf6a000 	C:\WINDOWS\System32\ole32.dll
0x00007ff8066a0000 - 0x00007ff8066b4000 	C:\WINDOWS\SYSTEM32\WTSAPI32.dll
0x00007ff8045b0000 - 0x00007ff8045e1000 	C:\WINDOWS\SYSTEM32\cryptnet.dll
0x00007ff80a2c0000 - 0x00007ff80a2cc000 	C:\WINDOWS\SYSTEM32\cryptbase.dll
0x00007ff802200000 - 0x00007ff80223b000 	C:\WINDOWS\SYSTEM32\dxcore.dll
0x00007fffd4fe0000 - 0x00007fffd5299000 	C:\WINDOWS\system32\nvspcap64.dll
0x00007ff809ee0000 - 0x00007ff809f2b000 	C:\WINDOWS\SYSTEM32\powrprof.dll
0x00007ff809d50000 - 0x00007ff809d62000 	C:\WINDOWS\SYSTEM32\UMPDC.dll
0x00007ff8096a0000 - 0x00007ff8096fa000 	C:\WINDOWS\SYSTEM32\WINSTA.dll
0x00007ffff87e0000 - 0x00007ffff88db000 	C:\WINDOWS\SYSTEM32\textinputframework.dll
0x00007fffe2b80000 - 0x00007fffe2bd9000 	C:\Users\danfi\AppData\Local\Temp\lwjgldanfi\3.2.3-build-13\lwjgl_opengl.dll
0x00007fffc4910000 - 0x00007fffc4aaf000 	C:\Program Files\Java\jdk-12.0.2\bin\awt.dll
0x00007ff806ee0000 - 0x00007ff8074a0000 	C:\WINDOWS\SYSTEM32\d2d1.dll
0x00007ff808270000 - 0x00007ff808300000 	C:\WINDOWS\SYSTEM32\apphelp.dll
0x00007ff80a2a0000 - 0x00007ff80a2b8000 	C:\WINDOWS\SYSTEM32\CRYPTSP.dll
0x00007ff809a00000 - 0x00007ff809a34000 	C:\WINDOWS\system32\rsaenh.dll
0x00007ff80a7e0000 - 0x00007ff80a80e000 	C:\WINDOWS\SYSTEM32\USERENV.dll
0x00007ff809d70000 - 0x00007ff809dab000 	C:\WINDOWS\SYSTEM32\IPHLPAPI.DLL
0x00007ff80bb80000 - 0x00007ff80bb88000 	C:\WINDOWS\System32\NSI.dll
0x00007ff804b50000 - 0x00007ff804b67000 	C:\WINDOWS\SYSTEM32\dhcpcsvc6.DLL
0x00007ff804b30000 - 0x00007ff804b4d000 	C:\WINDOWS\SYSTEM32\dhcpcsvc.DLL
0x00007ff809db0000 - 0x00007ff809e7b000 	C:\WINDOWS\SYSTEM32\DNSAPI.dll
0x00007fffd60b0000 - 0x00007fffd6130000 	C:\Program Files\Java\jdk-12.0.2\bin\freetype.dll
0x00007fffd59f0000 - 0x00007fffd5a9b000 	C:\Program Files\Java\jdk-12.0.2\bin\fontmanager.dll
0x00007fffd5c00000 - 0x00007fffd5c77000 	C:\Users\danfi\AppData\Local\Temp\lwjgldanfi\3.2.3-build-13\lwjgl_stb.dll
0x00007ff8000d0000 - 0x00007ff80029f000 	C:\WINDOWS\system32\d3d9.dll
0x00007ff801a00000 - 0x00007ff801b05000 	C:\WINDOWS\System32\DriverStore\FileRepository\nv_dispi.inf_amd64_e44a509137af5639\nvldumdx.dll
0x00007ff80cb60000 - 0x00007ff80cb7d000 	C:\WINDOWS\System32\imagehlp.dll
0x00007fffb3ee0000 - 0x00007fffb5b27000 	C:\WINDOWS\System32\DriverStore\FileRepository\nv_dispi.inf_amd64_e44a509137af5639\nvd3dumx.dll
0x00007ff809200000 - 0x00007ff809223000 	C:\WINDOWS\SYSTEM32\gpapi.dll

dbghelp: loaded successfully - version: 4.0.5 - missing functions: none
symbol engine: initialized successfully - sym options: 0x614 - pdb path: .;C:\Program Files\Java\jdk-12.0.2\bin;C:\WINDOWS\SYSTEM32;C:\Program Files\AVAST Software\Avast;C:\WINDOWS\WinSxS\amd64_microsoft.windows.common-controls_6595b64144ccf1df_6.0.19041.746_none_ca02b4b61b8320a4;C:\Program Files\Java\jdk-12.0.2\bin\server;C:\Program Files\JetBrains\IntelliJ IDEA Community Edition 2020.1.1\bin;C:\Users\danfi\AppData\Local\Temp\lwjgldanfi\3.2.3-build-13;C:\WINDOWS\System32\DriverStore\FileRepository\nv_dispi.inf_amd64_e44a509137af5639

VM Arguments:
jvm_args: -javaagent:C:\Program Files\JetBrains\IntelliJ IDEA Community Edition 2020.1.1\lib\idea_rt.jar=10639:C:\Program Files\JetBrains\IntelliJ IDEA Community Edition 2020.1.1\bin -Dfile.encoding=UTF-8 
java_command: com.horizon.kingdom_builder.GameLoader
java_class_path (initial): C:\Users\danfi\OneDrive\Documents\PersonalProjects\CoffeeEngine\target\classes;C:\Users\danfi\.m2\repository\com\google\flogger\flogger\0.5.1\flogger-0.5.1.jar;C:\Users\danfi\.m2\repository\org\checkerframework\checker-compat-qual\2.5.3\checker-compat-qual-2.5.3.jar;C:\Users\danfi\.m2\repository\com\google\flogger\flogger-system-backend\0.4\flogger-system-backend-0.4.jar;C:\Users\danfi\.m2\repository\com\google\code\findbugs\jsr305\3.0.1\jsr305-3.0.1.jar;C:\Users\danfi\.m2\repository\org\lwjgl\lwjgl\3.2.3\lwjgl-3.2.3.jar;C:\Users\danfi\.m2\repository\org\lwjgl\lwjgl-assimp\3.2.3\lwjgl-assimp-3.2.3.jar;C:\Users\danfi\.m2\repository\org\lwjgl\lwjgl-bgfx\3.2.3\lwjgl-bgfx-3.2.3.jar;C:\Users\danfi\.m2\repository\org\lwjgl\lwjgl-cuda\3.2.3\lwjgl-cuda-3.2.3.jar;C:\Users\danfi\.m2\repository\org\lwjgl\lwjgl-egl\3.2.3\lwjgl-egl-3.2.3.jar;C:\Users\danfi\.m2\repository\org\lwjgl\lwjgl-glfw\3.2.3\lwjgl-glfw-3.2.3.jar;C:\Users\danfi\.m2\repository\org\lwjgl\lwjgl-jawt\3.2.3\lwjgl-jawt-3.2.3.jar;C:\Users\danfi\.m2\repository\org\lwjgl\lwjgl-jemalloc\3.2.3\lwjgl-jemalloc-3.2.3.jar;C:\Users\danfi\.m2\repository\org\lwjgl\lwjgl-libdivide\3.2.3\lwjgl-libdivide-3.2.3.jar;C:\Users\danfi\.m2\repository\org\lwjgl\lwjgl-llvm\3.2.3\lwjgl-llvm-3.2.3.jar;C:\Users\danfi\.m2\repository\org\lwjgl\lwjgl-lmdb\3.2.3\lwjgl-lmdb-3.2.3.jar;C:\Users\danfi\.m2\repository\org\lwjgl\lwjgl-lz4\3.2.3\lwjgl-lz4-3.2.3.jar;C:\Users\danfi\.m2\repository\org\lwjgl\lwjgl-meow\3.2.3\lwjgl-meow-3.2.3.jar;C:\Users\danfi\.m2\repository\org\lwjgl\lwjgl-nanovg\3.2.3\lwjgl-nanovg-3.2.3.jar;C:\Users\danfi\.m2\repository\org\lwjgl\lwjgl-nfd\3.2.3\lwjgl-nfd-3.2.3.jar;C:\Users\danfi\.m2\repository\org\lwjgl\lwjgl-nuklear\3.2.3\lwjgl-nuklear-3.2.3.jar;C:\Users\danfi\.m2\repository\org\lwjgl\lwjgl-odbc\3.2.3\lwjgl-odbc-3.2.3.jar;C:\Users\danfi\.m2\repository\org\lwjgl\lwjgl-openal\3.2.3\lwjgl-openal-3.2.3.jar;C:\Users\danfi\.m2\repository\org\lwjgl\lwjgl-opencl\3.2.3\lwjgl-opencl-3.2.3.jar;C:\Use
Launcher Type: SUN_STANDARD

[Global flags]
     intx CICompilerCount                          = 3                                         {product} {ergonomic}
     uint ConcGCThreads                            = 1                                         {product} {ergonomic}
     uint G1ConcRefinementThreads                  = 4                                         {product} {ergonomic}
   size_t G1HeapRegionSize                         = 1048576                                   {product} {ergonomic}
    uintx GCDrainStackTargetSize                   = 64                                        {product} {ergonomic}
   size_t InitialHeapSize                          = 134217728                                 {product} {ergonomic}
   size_t MarkStackSize                            = 4194304                                   {product} {ergonomic}
   size_t MaxHeapSize                              = 2134900736                                {product} {ergonomic}
   size_t MaxNewSize                               = 1280311296                                {product} {ergonomic}
   size_t MinHeapDeltaBytes                        = 1048576                                   {product} {ergonomic}
    uintx NonNMethodCodeHeapSize                   = 5830732                                {pd product} {ergonomic}
    uintx NonProfiledCodeHeapSize                  = 122913754                              {pd product} {ergonomic}
    uintx ProfiledCodeHeapSize                     = 122913754                              {pd product} {ergonomic}
    uintx ReservedCodeCacheSize                    = 251658240                              {pd product} {ergonomic}
     bool SegmentedCodeCache                       = true                                      {product} {ergonomic}
     bool UseCompressedClassPointers               = true                                 {lp64_product} {ergonomic}
     bool UseCompressedOops                        = true                                 {lp64_product} {ergonomic}
     bool UseG1GC                                  = true                                      {product} {ergonomic}
     bool UseLargePagesIndividualAllocation        = false                                  {pd product} {ergonomic}

Logging:
Log output configuration:
 #0: stdout all=warning uptime,level,tags
 #1: stderr all=off uptime,level,tags

Environment Variables:
PATH=C:\Program Files (x86)\Common Files\Oracle\Java\javapath;C:\WINDOWS\system32;C:\WINDOWS;C:\WINDOWS\System32\Wbem;C:\WINDOWS\System32\WindowsPowerShell\v1.0\;C:\WINDOWS\System32\OpenSSH\;C:\Program Files (x86)\GtkSharp\2.12\bin;C:\Program Files\dotnet\;C:\Program Files\NVIDIA Corporation\NVIDIA NvDLISR;C:\Program Files (x86)\NVIDIA Corporation\PhysX\Common;C:\Program Files (x86)\Bitvise SSH Client;C:\Program Files\Git\cmd;C:\WINDOWS\system32;C:\WINDOWS;C:\WINDOWS\System32\Wbem;C:\WINDOWS\System32\WindowsPowerShell\v1.0\;C:\WINDOWS\System32\OpenSSH\;C:\Program Files\nodejs\;C:\Ruby26-x64\bin;C:\Users\danfi\AppData\Local\Microsoft\WindowsApps;C:\Program Files (x86)\FAHClient;C:\Users\danfi\AppData\Local\atom\bin;C:\Program Files (x86)\Nmap;C:\Users\danfi\AppData\Local\Microsoft\WindowsApps;C:\Users\danfi\AppData\Local\GitHubDesktop\bin;C:\Users\danfi\AppData\Local\Programs\Microsoft VS Code\bin;C:\Users\danfi\AppData\Roaming\npm
USERNAME=danfi
OS=Windows_NT
PROCESSOR_IDENTIFIER=AMD64 Family 23 Model 17 Stepping 0, AuthenticAMD



---------------  S Y S T E M  ---------------

OS: Windows 10 , 64 bit Build 19041 (10.0.19041.789)

CPU:total 4 (initial active 4) (4 cores per cpu, 1 threads per core) family 23 model 17 stepping 0, cmov, cx8, fxsr, mmx, sse, sse2, sse3, ssse3, sse4.1, sse4.2, popcnt, avx, avx2, aes, clmul, mmxext, 3dnowpref, lzcnt, sse4a, tsc, tscinvbit, tscinv, bmi1, bmi2, adx, sha, fma

Memory: 4k page, system-wide physical 8140M (1124M free)
TotalPageFile size 24012M (AvailPageFile size 8309M)
current process WorkingSet (physical memory assigned to process): 207M, peak: 207M
current process commit charge ("private bytes"): 1171M, peak: 1171M

vm_info: Java HotSpot(TM) 64-Bit Server VM (12.0.2+10) for windows-amd64 JRE (12.0.2+10), built on Jul 16 2019 01:56:17 by "mach5one" with MS VC++ 15.5 (VS2017)

END.
